<?xml version="1.0" encoding="UTF-8"?>
<testsuite name="juicebox.core.data.BlockTest" tests="4" skipped="0" failures="0" errors="0" timestamp="2026-09-24T10:16:21.985Z" hostname="XXAY" time="0.023">
  <properties/>
  <testcase name="arrayConstructorPreservesAllRecords()" classname="juicebox.core.data.BlockTest" time="0.003"/>
  <testcase name="getKeyMatchesContactRecordKeyFormat()" classname="juicebox.core.data.BlockTest" time="0.006"/>
  <testcase name="listConstructorPreservesAllRecords()" classname="juicebox.core.data.BlockTest" time="0.009"/>
  <testcase name="emptyBlockHasZeroSize()" classname="juicebox.core.data.BlockTest" time="0.001"/>
  <system-out><![CDATA[]]></system-out>
  <system-err><![CDATA[]]></system-err>
</testsuite>
